<?xml version="1.0" encoding="UTF-8"?>
<testsuite xmlns:xsi="http://www.w3.org/2001/XMLSchema-instance" xsi:noNamespaceSchemaLocation="https://maven.apache.org/surefire/maven-surefire-plugin/xsd/surefire-test-report-3.0.xsd" version="3.0" name="com.coaltionbuilder.coalitionbuilder_be.CoalitionbuilderBeApplicationTests" time="2.579" tests="1" errors="0" skipped="0" failures="0">
  <properties>
[...]
</properties>
  <testcase name="contextLoads" classname="com.coaltionbuilder.coalitionbuilder_be.CoalitionbuilderBeApplicationTests" time="0.305">
    <system-out><![CDATA[12:34:21.248 [main] INFO org.springframework.test.context.support.AnnotationConfigContextLoaderUtils -- Could not detect default configuration classes for test class [com.coaltionbuilder.coalitionbuilder_be.CoalitionbuilderBeApplicationTests]: CoalitionbuilderBeApplicationTests does not declare any static, non-private, non-final, nested classes annotated with @Configuration.
12:34:21.300 [main] INFO org.springframework.boot.test.context.SpringBootTestContextBootstrapper -- Found @SpringBootConfiguration com.coaltionbuilder.coalitionbuilder_be.CoalitionbuilderBeApplication for test class com.coaltionbuilder.coalitionbuilder_be.CoalitionbuilderBeApplicationTests

  .   ____          _            __ _ _
 /\\ / ___'_ __ _ _(_)_ __  __ _ \ \ \ \
( ( )\___ | '_ | '_| | '_ \/ _` | \ \ \ \
 \\/  ___)| |_)| | | | | || (_| |  ) ) ) )
  '  |____| .__|_| |_|_| |_\__, | / / / /
 =========|_|==============|___/=/_/_/_/
 :: Spring Boot ::                (v3.1.5)

2023-11-24T12:34:21.505+01:00  INFO 8579 --- [           main] c.c.c.CoalitionbuilderBeApplicationTests : Starting CoalitionbuilderBeApplicationTests using Java 17.0.4.1 with PID 8579 (started by rruiter in /Users/rruiter/Desktop/coalitionbuilder/coalitionbuilder_be)
2023-11-24T12:34:21.506+01:00  INFO 8579 --- [           main] c.c.c.CoalitionbuilderBeApplicationTests : No active profile set, falling back to 1 default profile: "default"
2023-11-24T12:34:21.807+01:00  INFO 8579 --- [           main] .s.d.r.c.RepositoryConfigurationDelegate : Bootstrapping Spring Data JPA repositories in DEFAULT mode.
2023-11-24T12:34:21.833+01:00  INFO 8579 --- [           main] .s.d.r.c.RepositoryConfigurationDelegate : Finished Spring Data repository scanning in 22 ms. Found 1 JPA repository interfaces.
2023-11-24T12:34:22.059+01:00  INFO 8579 --- [           main] o.hibernate.jpa.internal.util.LogHelper  : HHH000204: Processing PersistenceUnitInfo [name: default]
2023-11-24T12:34:22.089+01:00  INFO 8579 --- [           main] org.hibernate.Version                    : HHH000412: Hibernate ORM core version 6.2.13.Final
2023-11-24T12:34:22.090+01:00  INFO 8579 --- [           main] org.hibernate.cfg.Environment            : HHH000406: Using bytecode reflection optimizer
2023-11-24T12:34:22.232+01:00  INFO 8579 --- [           main] o.s.o.j.p.SpringPersistenceUnitInfo      : No LoadTimeWeaver setup: ignoring JPA class transformer
2023-11-24T12:34:22.245+01:00  INFO 8579 --- [           main] com.zaxxer.hikari.HikariDataSource       : HikariPool-1 - Starting...
2023-11-24T12:34:22.416+01:00  INFO 8579 --- [           main] com.zaxxer.hikari.pool.HikariPool        : HikariPool-1 - Added connection org.postgresql.jdbc.PgConnection@45eab322
2023-11-24T12:34:22.417+01:00  INFO 8579 --- [           main] com.zaxxer.hikari.HikariDataSource       : HikariPool-1 - Start completed.
2023-11-24T12:34:22.459+01:00  WARN 8579 --- [           main] org.hibernate.orm.deprecation            : HHH90000025: PostgreSQLDialect does not need to be specified explicitly using 'hibernate.dialect' (remove the property setting and it will be selected by default)
2023-11-24T12:34:22.918+01:00  INFO 8579 --- [           main] o.h.e.t.j.p.i.JtaPlatformInitiator       : HHH000489: No JTA platform available (set 'hibernate.transaction.jta.platform' to enable JTA platform integration)
Hibernate: 
    drop table if exists _user cascade
2023-11-24T12:34:22.927+01:00  WARN 8579 --- [           main] o.h.engine.jdbc.spi.SqlExceptionHelper   : SQL Warning Code: 0, SQLState: 00000
2023-11-24T12:34:22.928+01:00  WARN 8579 --- [           main] o.h.engine.jdbc.spi.SqlExceptionHelper   : table "_user" does not exist, skipping
Hibernate: 
    drop sequence if exists _user_seq
2023-11-24T12:34:22.928+01:00  WARN 8579 --- [           main] o.h.engine.jdbc.spi.SqlExceptionHelper   : SQL Warning Code: 0, SQLState: 00000
2023-11-24T12:34:22.928+01:00  WARN 8579 --- [           main] o.h.engine.jdbc.spi.SqlExceptionHelper   : sequence "_user_seq" does not exist, skipping
Hibernate: 
    create sequence _user_seq start with 1 increment by 50
Hibernate: 
    create table _user (
        id integer not null,
        email varchar(255),
        firstname varchar(255),
        lastname varchar(255),
        password varchar(255),
        role varchar(255) check (role in ('USER','ADMIN')),
        primary key (id)
    )
2023-11-24T12:34:22.962+01:00  INFO 8579 --- [           main] j.LocalContainerEntityManagerFactoryBean : Initialized JPA EntityManagerFactory for persistence unit 'default'
2023-11-24T12:34:23.146+01:00  WARN 8579 --- [           main] JpaBaseConfiguration$JpaWebConfiguration : spring.jpa.open-in-view is enabled by default. Therefore, database queries may be performed during view rendering. Explicitly configure spring.jpa.open-in-view to disable this warning
2023-11-24T12:34:23.200+01:00  INFO 8579 --- [           main] o.s.s.web.DefaultSecurityFilterChain     : Will secure any request with [org.springframework.security.web.session.DisableEncodeUrlFilter@32f45e15, org.springframework.security.web.context.request.async.WebAsyncManagerIntegrationFilter@4e7151b3, org.springframework.security.web.context.SecurityContextHolderFilter@633cad4d, org.springframework.security.web.header.HeaderWriterFilter@72406594, org.springframework.web.filter.CorsFilter@5ef7ae2f, org.springframework.security.web.authentication.logout.LogoutFilter@a84b6de, com.coaltionbuilder.coalitionbuilder_be.config.JwtAuthentificationFilter@21046afa, org.springframework.security.web.savedrequest.RequestCacheAwareFilter@5b86f4cb, org.springframework.security.web.servletapi.SecurityContextHolderAwareRequestFilter@4c0ab04f, org.springframework.security.web.authentication.AnonymousAuthenticationFilter@1bcf2c64, org.springframework.security.web.session.SessionManagementFilter@78f35e39, org.springframework.security.web.access.ExceptionTranslationFilter@254d8ef6, org.springframework.security.web.access.intercept.AuthorizationFilter@15fd3088]
2023-11-24T12:34:23.427+01:00  INFO 8579 --- [           main] c.c.c.CoalitionbuilderBeApplicationTests : Started CoalitionbuilderBeApplicationTests in 2.056 seconds (process running for 2.51)
]]></system-out>
  </testcase>
</testsuite>